Last activity resource=instance configuration time=2022-07-30T00:35:41.784000z
Last activity resource=instance configuration time=2022-07-30T00:38:14.341000z
Last activity resource=connection time=2022-07-30T00:40:02.317679z
Last activity resource=connection time=2022-07-30T00:41:02.107914z
Last activity resource=connection time=2022-07-30T00:42:02.229960z
Last activity resource=connection time=2022-07-30T00:43:02.140866z
Last activity resource=connection time=2022-07-30T00:44:01.888020z
Last activity resource=connection time=2022-07-30T00:45:01.823418z
Last activity resource=connection time=2022-07-30T00:46:01.582697z
Last activity resource=connection time=2022-07-30T00:47:02.921989z
Last activity resource=connection time=2022-07-30T00:48:01.410054z
Last activity resource=connection time=2022-07-30T00:49:02.220929z
Last activity resource=connection time=2022-07-30T00:50:02.380293z
Last activity resource=connection time=2022-07-30T00:51:02.133486z
Last activity resource=connection time=2022-07-30T00:52:02.292854z
Last activity resource=connection time=2022-07-30T00:53:02.317188z
Last activity resource=connection time=2022-07-30T00:54:02.196118z
Last activity resource=connection time=2022-07-30T00:55:02.349656z
Last activity resource=connection time=2022-07-30T00:56:02.308904z
Last activity resource=connection time=2022-07-30T00:57:02.148003z
Last activity resource=connection time=2022-07-30T00:58:02.387208z
Last activity resource=connection time=2022-07-30T00:59:02.172670z
Last activity resource=connection time=2022-07-30T01:00:02.589657z
Last activity resource=connection time=2022-07-30T01:01:01.961975z
Last activity resource=connection time=2022-07-30T01:02:01.709331z
Last activity resource=connection time=2022-07-30T01:03:01.455739z
Last activity resource=connection time=2022-07-30T01:04:01.552922z
Last activity resource=connection time=2022-07-30T01:05:01.637365z
Last activity resource=connection time=2022-07-30T01:06:01.778284z
Last activity resource=connection time=2022-07-30T01:07:01.582910z
Last activity resource=connection time=2022-07-30T01:08:02.348239z
Last activity resource=connection time=2022-07-30T01:09:02.528470z
Last activity resource=connection time=2022-07-30T01:10:02.175293z
Last activity resource=connection time=2022-07-30T01:11:02.046881z
Last activity resource=connection time=2022-07-30T01:12:01.547769z
Last activity resource=connection time=2022-07-30T01:13:02.042635z
Last activity resource=connection time=2022-07-30T01:14:01.921934z
Last activity resource=connection time=2022-07-30T01:15:01.590864z
Last activity resource=connection time=2022-07-30T01:16:01.969020z
Last activity resource=connection time=2022-07-30T01:17:01.774122z
Last activity resource=connection time=2022-07-30T01:18:02.304893z
Last activity resource=connection time=2022-07-30T01:19:02.226764z
Last activity resource=connection time=2022-07-30T01:20:02.346678z
Last activity resource=connection time=2022-07-30T01:21:02.336580z
Last activity resource=connection time=2022-07-30T01:22:02.034090z
Last activity resource=connection time=2022-07-30T01:23:01.639607z
Last activity resource=connection time=2022-07-30T01:24:02.227018z
Last activity resource=connection time=2022-07-30T01:25:01.919852z
Last activity resource=connection time=2022-07-30T01:26:01.992220z
Last activity resource=connection time=2022-07-30T01:27:01.898413z
Last activity resource=connection time=2022-07-30T01:28:01.459130z
Last activity resource=connection time=2022-07-30T01:29:02.373901z
Last activity resource=connection time=2022-07-30T01:30:03.003755z
Last activity resource=connection time=2022-07-30T01:31:02.339906z
Last activity resource=connection time=2022-07-30T01:32:01.807089z
Last activity resource=connection time=2022-07-30T01:33:01.517695z
Last activity resource=connection time=2022-07-30T01:34:02.173104z
Last activity resource=connection time=2022-07-30T01:35:02.275889z
Last activity resource=connection time=2022-07-30T01:36:02.177543z
Last activity resource=connection time=2022-07-30T01:37:02.050738z
Last activity resource=connection time=2022-07-30T01:38:01.596694z
Last activity resource=connection time=2022-07-30T01:39:02.285580z
Last activity resource=connection time=2022-07-30T01:40:02.311211z
Last activity resource=connection time=2022-07-30T01:41:02.349238z
Last activity resource=connection time=2022-07-30T01:42:02.327283z
Last activity resource=connection time=2022-07-30T01:43:02.419740z
Last activity resource=connection time=2022-07-30T01:44:02.440623z
Last activity resource=connection time=2022-07-30T01:45:02.923316z
Last activity resource=connection time=2022-07-30T01:46:02.133829z
Last activity resource=connection time=2022-07-30T01:47:01.676474z
Last activity resource=connection time=2022-07-30T01:48:02.425607z
Last activity resource=connection time=2022-07-30T01:49:02.114440z
Last activity resource=connection time=2022-07-30T01:50:01.579411z
Last activity resource=connection time=2022-07-30T01:51:02.265772z
Last activity resource=connection time=2022-07-30T01:52:01.789450z
Last activity resource=connection time=2022-07-30T01:53:01.588081z
Last activity resource=connection time=2022-07-30T01:54:01.455849z
Last activity resource=connection time=2022-07-30T01:55:02.131421z
Last activity resource=connection time=2022-07-30T01:56:01.847031z
Last activity resource=connection time=2022-07-30T01:57:01.768377z
Last activity resource=connection time=2022-07-30T01:58:02.324375z
Last activity resource=connection time=2022-07-30T01:59:01.787590z
Last activity resource=connection time=2022-07-30T02:00:01.717585z
Last activity resource=connection time=2022-07-30T02:01:02.238244z
Last activity resource=connection time=2022-07-30T02:02:01.717158z
Last activity resource=connection time=2022-07-30T02:03:02.426746z
Last activity resource=connection time=2022-07-30T02:04:02.188311z
Last activity resource=connection time=2022-07-30T02:05:02.450293z
Last activity resource=connection time=2022-07-30T02:06:02.263790z
Last activity resource=connection time=2022-07-30T02:07:02.100167z
Last activity resource=connection time=2022-07-30T02:08:01.888878z
Last activity resource=connection time=2022-07-30T02:09:01.556797z
Last activity resource=execution time=2022-07-30T00:46:52.806584Z
Shutting down the instance
Last activity resource=instance configuration time=2022-07-31T02:09:51.491000z
Last activity resource=instance configuration time=2022-07-31T02:09:51.491000z
Last activity resource=instance configuration time=2022-07-31T02:09:51.491000z
Last activity resource=instance configuration time=2022-07-31T02:09:51.491000z
Last activity resource=instance configuration time=2022-07-31T02:09:51.491000z
Last activity resource=instance configuration time=2022-07-31T02:09:51.491000z
Shutting down the instance
Last activity resource=execution time=2022-07-31T02:25:03.721288z
Last activity resource=execution time=2022-07-31T02:25:14.392558Z
Last activity resource=execution time=2022-07-31T02:25:14.392558Z
Last activity resource=execution time=2022-07-31T02:25:14.392558Z
Last activity resource=execution time=2022-07-31T02:25:14.392558Z
Last activity resource=instance configuration time=2022-07-31T02:34:23.590000z
Last activity resource=instance configuration time=2022-07-31T23:51:13.106000z
Last activity resource=instance configuration time=2022-07-31T23:51:13.106000z
Last activity resource=connection time=2022-07-31T23:54:01.301127z
Last activity resource=connection time=2022-07-31T23:55:01.807943z
Last activity resource=connection time=2022-07-31T23:56:01.311464z
Last activity resource=connection time=2022-07-31T23:57:01.891820z
Last activity resource=connection time=2022-07-31T23:58:01.573475z
Last activity resource=connection time=2022-07-31T23:59:02.274513z
Last activity resource=connection time=2022-08-01T00:00:02.054579z
Last activity resource=connection time=2022-08-01T00:01:02.269910z
Last activity resource=connection time=2022-08-01T00:02:01.920139z
Last activity resource=connection time=2022-08-01T00:03:01.548497z
Last activity resource=connection time=2022-08-01T00:04:02.149347z
Last activity resource=connection time=2022-08-01T00:05:02.220474z
Last activity resource=connection time=2022-08-01T00:06:01.734065z
Last activity resource=connection time=2022-08-01T00:07:02.313371z
Last activity resource=connection time=2022-08-01T00:08:02.101788z
Last activity resource=instance configuration time=2022-08-01T00:35:32.121000z
Last activity resource=instance configuration time=2022-08-01T00:35:32.121000z
Last activity resource=instance configuration time=2022-08-01T00:35:32.121000z
Last activity resource=instance configuration time=2022-08-01T00:35:32.121000z
Last activity resource=instance configuration time=2022-08-01T00:35:32.121000z
Last activity resource=instance configuration time=2022-08-01T00:35:32.121000z
Shutting down the instance
Last activity resource=instance configuration time=2022-08-01T00:52:34.846000z
Last activity resource=instance configuration time=2022-08-01T00:52:34.846000z
Last activity resource=instance configuration time=2022-08-01T00:52:34.846000z
Last activity resource=instance configuration time=2022-08-01T00:52:34.846000z
Last activity resource=instance configuration time=2022-08-01T00:52:34.846000z
Last activity resource=instance configuration time=2022-08-01T00:52:34.846000z
Shutting down the instance
Last activity resource=instance configuration time=2022-08-01T01:02:58.370000z
Last activity resource=instance configuration time=2022-08-01T01:02:58.370000z
Last activity resource=instance configuration time=2022-08-01T01:02:58.370000z
Last activity resource=instance configuration time=2022-08-01T01:02:58.370000z
Last activity resource=instance configuration time=2022-08-01T01:02:58.370000z
Last activity resource=instance configuration time=2022-08-01T01:02:58.370000z
Shutting down the instance
Last activity resource=instance configuration time=2022-08-01T01:15:47.846000z
Last activity resource=connection time=2022-08-01T01:17:02.057851z
Last activity resource=connection time=2022-08-01T01:18:01.546267z
Last activity resource=connection time=2022-08-01T01:19:02.149129z
Last activity resource=connection time=2022-08-01T01:20:01.828057z
Last activity resource=connection time=2022-08-01T01:21:01.714228z
Last activity resource=connection time=2022-08-01T01:22:01.778176z
Last activity resource=connection time=2022-08-01T01:23:01.525134z
Last activity resource=connection time=2022-08-01T01:24:02.143704z
Last activity resource=connection time=2022-08-01T01:25:01.929822z
Last activity resource=connection time=2022-08-01T01:26:01.484666z
Last activity resource=connection time=2022-08-01T01:27:02.041692z
Last activity resource=connection time=2022-08-01T01:28:01.758221z
Last activity resource=connection time=2022-08-01T01:29:01.737659z
Last activity resource=connection time=2022-08-01T01:30:01.382249z
Last activity resource=connection time=2022-08-01T01:31:02.223047z
Last activity resource=connection time=2022-08-01T01:32:02.032161z
Last activity resource=connection time=2022-08-01T01:33:01.727190z
Last activity resource=connection time=2022-08-01T01:34:01.462925z
Last activity resource=connection time=2022-08-01T01:35:02.406320z
Last activity resource=connection time=2022-08-01T01:36:01.970364z
Last activity resource=execution time=2022-08-01T01:17:42.626817Z
Shutting down the instance
Last activity resource=instance configuration time=2022-08-01T15:39:28.373000z
Last activity resource=instance configuration time=2022-08-01T15:42:03.582000z
Last activity resource=instance configuration time=2022-08-01T15:42:03.582000z
Last activity resource=instance configuration time=2022-08-01T15:42:03.582000z
Last activity resource=instance configuration time=2022-08-01T15:42:03.582000z
Last activity resource=instance configuration time=2022-08-01T15:42:03.582000z
Last activity resource=instance configuration time=2022-08-01T15:42:03.582000z
Shutting down the instance
Last activity resource=instance configuration time=2022-08-01T15:51:22.637000z
Last activity resource=instance configuration time=2022-08-01T15:53:09.389000z
Last activity resource=instance configuration time=2022-08-01T15:53:09.389000z
Last activity resource=connection time=2022-08-01T15:56:01.694467z
Last activity resource=connection time=2022-08-01T15:57:01.685938z
Last activity resource=connection time=2022-08-01T15:59:13.761575z
Last activity resource=execution time=2022-08-01T15:55:44.330869Z
Last activity resource=execution time=2022-08-01T15:55:44.330869Z
Shutting down the instance
